<?xml version="1.0" encoding="UTF-8"?>
<!-- Generated by org.testng.reporters.JUnitReportReporter -->
<testsuite hostname="Arpit-Asus-Laptop" failures="0" tests="1" name="remoteTesting.JenkinsPipelineBuild.Build" time="0.013" errors="0" timestamp="2021-10-22T17:38:18 IST" skipped="0">
  <testcase classname="remoteTesting.JenkinsPipelineBuild.Build" name="BuildDemo" time="0.013"/>
  <system-out/>
</testsuite> <!-- remoteTesting.JenkinsPipelineBuild.Build -->
