<?xml version="1.0" encoding="UTF-8"?>
<!-- Generated by org.testng.reporters.JUnitReportReporter -->
<testsuite hostname="Arpit-Asus-Laptop" failures="0" tests="1" name="remoteTesting.JenkinsPipelineBuild.AppTest" time="0.015" errors="0" timestamp="22 Oct 2021 12:05:10 GMT" skipped="0">
  <testcase classname="remoteTesting.JenkinsPipelineBuild.AppTest" name="shouldAnswerWithTrue" time="0.015"/>
</testsuite> <!-- remoteTesting.JenkinsPipelineBuild.AppTest -->
