<?xml version="1.0" encoding="UTF-8"?>
<!-- Generated by org.testng.reporters.JUnitReportReporter -->
<testsuite hostname="Arpit-Asus-Laptop" failures="0" tests="1" name="remoteTesting.JenkinsPipelineBuild.Build" time="0.009" errors="0" timestamp="22 Oct 2021 12:44:27 GMT" skipped="0">
  <testcase classname="remoteTesting.JenkinsPipelineBuild.Build" name="BuildDemo" time="0.009"/>
</testsuite> <!-- remoteTesting.JenkinsPipelineBuild.Build -->
